android/app/build/outputs/mapping/release/seeds.txt
com.vvoyage.MainActivity
com.vvoyage.MainActivity: MainActivity()
com.vvoyage.MainApplication
com.vvoyage.MainApplication: MainApplication()
com.vvoyage.R$anim: int abc_fade_in
com.vvoyage.R$anim: int abc_fade_out
com.vvoyage.R$anim: int abc_grow_fade_in_from_bottom
com.vvoyage.R$anim: int abc_popup_enter
com.vvoyage.R$anim: int abc_popup_exit
com.vvoyage.R$anim: int abc_shrink_fade_out_from_bottom
com.vvoyage.R$anim: int abc_slide_in_bottom
com.vvoyage.R$anim: int abc_slide_in_top
com.vvoyage.R$anim: int abc_slide_out_bottom
com.vvoyage.R$anim: int abc_slide_out_top
com.vvoyage.R$anim: int abc_tooltip_enter
com.vvoyage.R$anim: int abc_tooltip_exit
com.vvoyage.R$anim: int catalyst_fade_in
com.vvoyage.R$anim: int catalyst_fade_out
com.vvoyage.R$anim: int catalyst_push_up_in
com.vvoyage.R$anim: int catalyst_push_up_out
com.vvoyage.R$anim: int catalyst_slide_down
com.vvoyage.R$anim: int catalyst_slide_up
com.vvoyage.R$attr: int actionBarDivider
com.vvoyage.R$attr: int actionBarItemBackground
com.vvoyage.R$attr: int actionBarPopupTheme
com.vvoyage.R$attr: int actionBarSize
com.vvoyage.R$attr: int actionBarSplitStyle
com.vvoyage.R$attr: int actionBarStyle
com.vvoyage.R$attr: int actionBarTabBarStyle
com.vvoyage.R$attr: int actionBarTabStyle
com.vvoyage.R$attr: int actionBarTabTextStyle
com.vvoyage.R$attr: int actionBarTheme
com.vvoyage.R$attr: int actionBarWidgetTheme
com.vvoyage.R$attr: int actionButtonStyle
com.vvoyage.R$attr: int actionDropDownStyle
com.vvoyage.R$attr: int actionLayout
com.vvoyage.R$attr: int actionMenuTextAppearance
com.vvoyage.R$attr: int actionMenuTextColor
com.vvoyage.R$attr: int actionModeBackground
com.vvoyage.R$attr: int actionModeCloseButtonStyle
com.vvoyage.R$attr: int actionModeCloseDrawable
com.vvoyage.R$attr: int actionModeCopyDrawable
com.vvoyage.R$attr: int actionModeCutDrawable
com.vvoyage.R$attr: int actionModeFindDrawable
com.vvoyage.R$attr: int actionModePasteDrawable
com.vvoyage.R$attr: int actionModePopupWindowStyle
com.vvoyage.R$attr: int actionModeSelectAllDrawable
com.vvoyage.R$attr: int actionModeShareDrawable
com.vvoyage.R$attr: int actionModeSplitBackground
com.vvoyage.R$attr: int actionModeStyle
com.vvoyage.R$attr: int actionModeWebSearchDrawable
com.vvoyage.R$attr: int actionOverflowButtonStyle
com.vvoyage.R$attr: int actionOverflowMenuStyle
com.vvoyage.R$attr: int actionProviderClass
com.vvoyage.R$attr: int actionViewClass
com.vvoyage.R$bool: int abc_action_bar_embed_tabs
com.vvoyage.R$bool: int abc_allow_stacked_button_bar
com.vvoyage.R$bool: int abc_config_actionMenuItemAllCaps
com.vvoyage.R$bool: int abc_config_showMenuShortcutsWhenKeyboardPresent
...
com.facebook.react.bridge.queue.ReactQueueConfigurationImpl
com.facebook.react.bridge.queue.ReactQueueConfigurationImpl: com.facebook.react.bridge.queue.MessageQueueThreadImpl mUIQueueThread
com.facebook.react.bridge.queue.ReactQueueConfigurationImpl: com.facebook.react.bridge.queue.MessageQueueThreadImpl mNativeModulesQueueThread
com.facebook.react.bridge.queue.ReactQueueConfigurationImpl: com.facebook.react.bridge.queue.MessageQueueThreadImpl mJSQueueThread
com.facebook.react.bridge.queue.ReactQueueConfigurationImpl: ReactQueueConfigurationImpl(com.facebook.react.bridge.queue.MessageQueueThreadImpl,com.facebook.react.bridge.queue.MessageQueueThreadImpl,com.facebook.react.bridge.queue.MessageQueueThreadImpl)
com.facebook.react.bridge.queue.ReactQueueConfigurationImpl: com.facebook.react.bridge.queue.MessageQueueThread getUIQueueThread()
com.facebook.react.bridge.queue.ReactQueueConfigurationImpl: com.facebook.react.bridge.queue.MessageQueueThread getNativeModulesQueueThread()
com.facebook.react.bridge.queue.ReactQueueConfigurationImpl: com.facebook.react.bridge.queue.MessageQueueThread getJSQueueThread()
com.facebook.react.bridge.queue.ReactQueueConfigurationImpl: void destroy()
com.facebook.react.bridge.queue.ReactQueueConfigurationImpl: com.facebook.react.bridge.queue.ReactQueueConfigurationImpl create(com.facebook.react.bridge.queue.ReactQueueConfigurationSpec,com.facebook.react.bridge.queue.QueueThreadExceptionHandler)
com.facebook.react.bridge.queue.ReactQueueConfigurationSpec
com.facebook.react.bridge.queue.ReactQueueConfigurationSpec: long LEGACY_STACK_SIZE_BYTES
com.facebook.react.bridge.queue.ReactQueueConfigurationSpec: com.facebook.react.bridge.queue.MessageQueueThreadSpec mNativeModulesQueueThreadSpec
com.facebook.react.bridge.queue.ReactQueueConfigurationSpec: com.facebook.react.bridge.queue.MessageQueueThreadSpec mJSQueueThreadSpec
com.facebook.react.bridge.queue.ReactQueueConfigurationSpec: ReactQueueConfigurationSpec(com.facebook.react.bridge.queue.MessageQueueThreadSpec,com.facebook.react.bridge.queue.MessageQueueThreadSpec)
com.facebook.react.bridge.queue.ReactQueueConfigurationSpec: com.facebook.react.bridge.queue.MessageQueueThreadSpec getNativeModulesQueueThreadSpec()
com.facebook.react.bridge.queue.ReactQueueConfigurationSpec: com.facebook.react.bridge.queue.MessageQueueThreadSpec getJSQueueThreadSpec()
com.facebook.react.bridge.queue.ReactQueueConfigurationSpec: com.facebook.react.bridge.queue.ReactQueueConfigurationSpec$Builder builder()
com.facebook.react.bridge.queue.ReactQueueConfigurationSpec: com.facebook.react.bridge.queue.ReactQueueConfigurationSpec createDefault()
com.facebook.react.bridge.queue.ReactQueueConfigurationSpec: ReactQueueConfigurationSpec(com.facebook.react.bridge.queue.MessageQueueThreadSpec,com.facebook.react.bridge.queue.MessageQueueThreadSpec,com.facebook.react.bridge.queue.ReactQueueConfigurationSpec$1)
com.facebook.react.bridge.queue.ReactQueueConfigurationSpec$1