android/app/build/outputs/mapping/release/usage.txt
com.vvoyage.BuildConfig
com.vvoyage.R
com.vvoyage.R$anim
com.vvoyage.R$attr
com.vvoyage.R$bool
com.vvoyage.R$color
com.vvoyage.R$dimen
com.vvoyage.R$drawable
com.vvoyage.R$id
com.vvoyage.R$integer
com.vvoyage.R$layout
com.vvoyage.R$mipmap
com.vvoyage.R$string
com.vvoyage.R$style
com.vvoyage.R$styleable
com.vvoyage.R$xml
...
com.google.android.gms.internal.zzfii
com.google.android.gms.internal.zzfij
com.google.android.gms.internal.zzfim
com.google.android.gms.internal.zzfin
com.google.android.gms.internal.zzfio
com.google.android.gms.internal.zzfip
com.google.android.gms.internal.zzfiq
com.google.android.gms.internal.zzfiq$zza
com.google.android.gms.internal.zzfiq$zzb
com.google.android.gms.internal.zzfiq$zzc
com.google.android.gms.internal.zzfiq$zzd
com.google.android.gms.internal.zzfir
com.google.android.gms.internal.zzfis
com.google.android.gms.internal.zzfit
com.google.android.gms.internal.zzfiu
com.google.android.gms.internal.zzfiv
com.google.android.gms.internal.zzfiw
com.google.android.gms.internal.zzfix
com.google.android.gms.internal.zzfiy
com.google.android.gms.internal.zzfiz
com.google.android.gms.internal.zzfja
com.google.android.gms.internal.zzfjb
com.google.android.gms.internal.zzfjc
com.google.android.gms.internal.zzfjd
com.google.android.gms.internal.zzfje
com.google.android.gms.internal.zzfjf
com.google.android.gms.internal.zzfjg
com.google.android.gms.internal.zzfjh
com.google.android.gms.internal.zzfji
com.google.android.gms.internal.zzfjj
com.google.android.gms.internal.zzfjk
com.google.android.gms.internal.zzfjl
com.google.android.gms.internal.zzfjm
com.google.android.gms.internal.zzfjn
com.google.android.gms.internal.zzfjo
com.google.android.gms.internal.zzfjp
com.google.android.gms.internal.zzfjq
com.google.android.gms.internal.zzfjr
com.google.android.gms.internal.zzfjs
com.google.android.gms.internal.zzfjt
com.google.android.gms.internal.zzfju
com.google.android.gms.internal.zzfjv
com.google.android.gms.internal.zzfkg
com.google.android.gms.internal.zzfkg$zza
com.google.android.gms.internal.zzfkh
com.google.android.gms.internal.zzfkn
com.google.android.gms.internal.zzfko
com.google.android.gms.internal.zzfkp
com.google.android.gms.internal.zzfkq
com.google.android.gms.internal.zzfkr
com.google.android.gms.internal.zzfks
com.google.android.gms.internal.zzfo
com.google.android.gms.internal.zzfp
com.google.android.gms.internal.zzfq
com.google.android.gms.internal.zzg
com.google.android.gms.internal.zzh
com.google.android.gms.internal.zzi
com.google.android.gms.internal.zzj
com.google.android.gms.internal.zzk
com.google.android.gms.internal.zzl
com.google.android.gms.internal.zzm
com.google.android.gms.internal.zzn
com.google.android.gms.internal.zzo
com.google.android.gms.internal.zzp
com.google.android.gms.internal.zzq
com.google.android.gms.internal.zzr
com.google.android.gms.internal.zzs
com.google.android.gms.internal.zzt
com.google.android.gms.internal.zzu
com.google.android.gms.internal.zzv
com.google.android.gms.internal.zzw
com.google.android.gms.internal.zzx
com.google.android.gms.internal.zzy
com.google.android.gms.internal.zzz
com.google.android.gms.location.places.PlaceReport
com.google.android.gms.location.places.zzl
com.google.android.gms.maps.CameraUpdateFactory:
    private CameraUpdateFactory()
    public static com.google.android.gms.maps.CameraUpdate zoomIn()
    public static com.google.android.gms.maps.CameraUpdate zoomOut()
    public static com.google.android.gms.maps.CameraUpdate scrollBy(float,float)
    public static com.google.android.gms.maps.CameraUpdate zoomTo(float)
    public static com.google.android.gms.maps.CameraUpdate zoomBy(float)
    public static com.google.android.gms.maps.CameraUpdate zoomBy(float,android.graphics.Point)